<?xml version="1.0" encoding="UTF-8"?>
<testng-results ignored="0" total="1" passed="1" failed="0" skipped="0">
  <reporter-output>
  </reporter-output>
  <suite started-at="2022-02-21T13:15:38 IST" name="Default suite" finished-at="2022-02-21T13:16:04 IST" duration-ms="26290">
    <groups>
    </groups>
    <test started-at="2022-02-21T13:15:38 IST" name="Default test" finished-at="2022-02-21T13:16:04 IST" duration-ms="26290">
      <class name="com.Window_Tab.Repository.WindowsTabRunModule">
        <test-method signature="VerifiHomePage()[pri:0, instance:com.Window_Tab.Repository.WindowsTabRunModule@5c33f1a9]" started-at="2022-02-21T13:15:38 IST" name="VerifiHomePage" finished-at="2022-02-21T13:16:04 IST" duration-ms="26253" status="PASS">
          <reporter-output>
          </reporter-output>
        </test-method> <!-- VerifiHomePage -->
      </class> <!-- com.Window_Tab.Repository.WindowsTabRunModule -->
    </test> <!-- Default test -->
  </suite> <!-- Default suite -->
</testng-results>
